<?xml version="1.0" encoding="UTF-8"?>
<testng-results ignored="0" total="1" passed="1" failed="0" skipped="0">
  <reporter-output>
  </reporter-output>
  <suite started-at="2023-09-10T12:22:08 IST" name="Default suite" finished-at="2023-09-10T12:22:19 IST" duration-ms="11040">
    <groups>
    </groups>
    <test started-at="2023-09-10T12:22:08 IST" name="Default test" finished-at="2023-09-10T12:22:19 IST" duration-ms="11040">
      <class name="tests.Logintest">
        <test-method is-config="true" signature="setup()[pri:0, instance:tests.Logintest@30c15d8b]" started-at="2023-09-10T12:22:08 IST" name="setup" finished-at="2023-09-10T12:22:17 IST" duration-ms="8799" status="PASS">
          <reporter-output>
          </reporter-output>
        </test-method> <!-- setup -->
        <test-method signature="testLogin()[pri:1, instance:tests.Logintest@30c15d8b]" started-at="2023-09-10T12:22:17 IST" name="testLogin" finished-at="2023-09-10T12:22:18 IST" duration-ms="1783" status="PASS">
          <reporter-output>
          </reporter-output>
        </test-method> <!-- testLogin -->
      </class> <!-- tests.Logintest -->
    </test> <!-- Default test -->
  </suite> <!-- Default suite -->
</testng-results>
